[2023-11-19 3:26:08pm] Finished updating 0 triggered sendSkip records!
[2023-11-19 3:25:30pm] Export job started with Job ID: 582953
[2023-11-19 3:25:29pm] Starting triggered sendSkips sync...
[2023-11-19 3:25:29pm] Finished updating 0 triggered complaint records!
[2023-11-19 3:25:21pm] Export job started with Job ID: 582952
[2023-11-19 3:25:21pm] Starting triggered complaints sync...
[2023-11-19 3:25:21pm] Finished updating 5 triggered bounce records!
[2023-11-19 3:24:37pm] Export job started with Job ID: 582951
[2023-11-19 3:24:36pm] Starting triggered bounces sync...
[2023-11-19 3:24:36pm] Finished updating 0 triggered unSubscribe records!
[2023-11-19 3:24:18pm] Export job started with Job ID: 582950
[2023-11-19 3:24:17pm] Starting triggered unSubscribes sync...
[2023-11-19 3:24:17pm] Finished updating 10 triggered click records!
[2023-11-19 3:23:43pm] Export job started with Job ID: 582949
[2023-11-19 3:23:42pm] Starting triggered clicks sync...
[2023-11-19 3:23:42pm] Finished updating 127 triggered open records!
[2023-11-19 3:18:16pm] Export job started with Job ID: 582948
[2023-11-19 3:18:15pm] Starting triggered opens sync...
[2023-11-19 3:18:15pm] Finished updating 181 triggered send records!
[2023-11-19 3:10:30pm] Export job started with Job ID: 582947
[2023-11-19 3:10:29pm] Starting triggered sends sync...
[2023-11-19 3:10:29pm] Sync sequence initiated, please wait...
[2023-11-19 3:10:19pm] Triggered sync cron initiated but sync toggle is disabled.
[2023-11-19 3:10:19pm] Blast sync cron initiated but sync toggle is disabled.
[2023-11-19 3:10:19pm] Sync sequence initiated, please wait...
